2026-06-22 17:35:13,979 - INFO - ==================================================
2026-06-22 17:35:13,979 - INFO -  STARTING MEDALLION DATA PIPELINE
2026-06-22 17:35:13,980 - INFO - ==================================================
2026-06-22 17:35:13,980 - INFO - --- Running step: Ingestion (Bronze) (Attempt 1/2) ---
2026-06-22 17:35:34,515 - INFO - ---  Ingestion (Bronze) completed successfully in 20.54s ---
2026-06-22 17:35:34,516 - INFO - --- Running step: Cleaning (Silver) (Attempt 1/2) ---
2026-06-22 17:35:58,254 - ERROR -  Cleaning (Silver) failed on attempt 1:
2026-06-22 17:35:48,139 - INFO -  Starting listings cleaning: 26877 rows
2026-06-22 17:35:48,307 - INFO - Dropped 4401 rows due to missing/invalid price
2026-06-22 17:35:48,315 - INFO - Price capped at: 28323.50 ZAR
2026-06-22 17:35:50,820 - INFO - property_type normalized: 13 final categories
2026-06-22 17:35:50,843 - INFO - listings_clean ready. Final shape: (22476, 83)
2026-06-22 17:35:50,843 - INFO -  Starting calendar cleaning: 9810109 rows
2026-06-22 17:35:52,783 - INFO -  calendar_clean ready. Dropped 3 logically invalid rows.
2026-06-22 17:35:52,783 - INFO -  Starting reviews cleaning: 664377 rows
2026-06-22 17:35:53,556 - INFO -  reviews_clean ready. Dropped 2994 spam/short comments.
Traceback (most recent call last):
  File "C:\Users\DELL\Desktop\DS Projects\airbnb_project\src\clean.py", line 179, in <module>
    print(f"{'='*50}\n\U0001f389 DATA CLEANING COMPLETE! Files saved to data/silver/\n{'='*50}")
    ~~~~~^^^^^^^^^^^^^^^^^^^^^^^^^^^^^^^^^^^^^^^^^^^^^^^^^^^^^^^^^^^^^^^^^^^^^^^^^^^^^^^
  File "C:\Users\DELL\AppData\Local\Programs\Python\Python313\Lib\encodings\cp1252.py", line 19, in encode
    return codecs.charmap_encode(input,self.errors,encoding_table)[0]
           ~~~~~~~~~~~~~~~~~~~~~^^^^^^^^^^^^^^^^^^^^^^^^^^^^^^^^^^
UnicodeEncodeError: 'charmap' codec can't encode character '\U0001f389' in position 52: character maps to <undefined>

2026-06-22 17:35:58,256 - INFO - --- Running step: Cleaning (Silver) (Attempt 2/2) ---
2026-06-22 17:36:17,226 - ERROR -  Cleaning (Silver) failed on attempt 2:
2026-06-22 17:36:08,478 - INFO -  Starting listings cleaning: 26877 rows
2026-06-22 17:36:08,553 - INFO - Dropped 4401 rows due to missing/invalid price
2026-06-22 17:36:08,559 - INFO - Price capped at: 28323.50 ZAR
2026-06-22 17:36:10,797 - INFO - property_type normalized: 13 final categories
2026-06-22 17:36:10,821 - INFO - listings_clean ready. Final shape: (22476, 83)
2026-06-22 17:36:10,822 - INFO -  Starting calendar cleaning: 9810109 rows
2026-06-22 17:36:12,552 - INFO -  calendar_clean ready. Dropped 3 logically invalid rows.
2026-06-22 17:36:12,552 - INFO -  Starting reviews cleaning: 664377 rows
2026-06-22 17:36:13,207 - INFO -  reviews_clean ready. Dropped 2994 spam/short comments.
Traceback (most recent call last):
  File "C:\Users\DELL\Desktop\DS Projects\airbnb_project\src\clean.py", line 179, in <module>
    print(f"{'='*50}\n\U0001f389 DATA CLEANING COMPLETE! Files saved to data/silver/\n{'='*50}")
    ~~~~~^^^^^^^^^^^^^^^^^^^^^^^^^^^^^^^^^^^^^^^^^^^^^^^^^^^^^^^^^^^^^^^^^^^^^^^^^^^^^^^
  File "C:\Users\DELL\AppData\Local\Programs\Python\Python313\Lib\encodings\cp1252.py", line 19, in encode
    return codecs.charmap_encode(input,self.errors,encoding_table)[0]
           ~~~~~~~~~~~~~~~~~~~~~^^^^^^^^^^^^^^^^^^^^^^^^^^^^^^^^^^
UnicodeEncodeError: 'charmap' codec can't encode character '\U0001f389' in position 52: character maps to <undefined>

2026-06-22 17:36:17,227 - CRITICAL -  Cleaning (Silver) failed after 2 attempts. Aborting pipeline.
2026-06-22 17:37:47,059 - INFO - ==================================================
2026-06-22 17:37:47,059 - INFO -  STARTING MEDALLION DATA PIPELINE
2026-06-22 17:37:47,059 - INFO - ==================================================
2026-06-22 17:37:47,059 - INFO - --- Running step: Ingestion (Bronze) (Attempt 1/2) ---
2026-06-22 17:37:47,349 - INFO - ---  Ingestion (Bronze) completed successfully in 0.29s ---
2026-06-22 17:37:47,349 - INFO - --- Running step: Cleaning (Silver) (Attempt 1/2) ---
2026-06-22 17:38:08,344 - INFO - ---  Cleaning (Silver) completed successfully in 20.99s ---
2026-06-22 17:38:08,345 - INFO - --- Running step: Enrichment (Gold) (Attempt 1/2) ---
2026-06-22 17:38:11,967 - INFO - ---  Enrichment (Gold) completed successfully in 3.62s ---
2026-06-22 17:38:11,968 - INFO - --- Running step: Warehouse Build (Attempt 1/2) ---
2026-06-22 17:38:19,742 - INFO - ---  Warehouse Build completed successfully in 7.77s ---
2026-06-22 17:38:19,743 - INFO - ==================================================
2026-06-22 17:38:19,758 - INFO - ==================================================
